<?xml version="1.0" encoding="UTF-8"?>
<!-- Generated by org.testng.reporters.JUnitReportReporter -->
<testsuite hostname="DESKTOP-11UCV8M" failures="0" tests="1" name="tests.LoginTest" time="3.865" errors="0" timestamp="2025-07-16T13:24:54 IST" skipped="0">
  <testcase classname="tests.LoginTest" name="testLoginWithValidCredentials" time="3.865"/>
</testsuite> <!-- tests.LoginTest -->
